Demo_Android_Project-main/app/build/intermediates/manifest_merge_blame_file/debug/manifest-merger-blame-debug-report.txt
1<?xml version="1.0" encoding="utf-8"?>
2<manifest xmlns:android="http://schemas.android.com/apk/res/android"
3    package="com.example.healthdiary"
4    android:versionCode="1"
5    android:versionName="1.0" >
6
7    <uses-sdk
8        android:minSdkVersion="21"
9        android:targetSdkVersion="31" />
10
11    <uses-permission android:name="android.permission.RECORD_AUDIO" />
11-->src/main/AndroidManifest.xml:7:5-71
11-->src/main/AndroidManifest.xml:7:22-68
12    <!-- NOTE: minSdkVersion and targetSdkVersion specified in build.gradle -->
13    <application
13-->src/main/AndroidManifest.xml:11:5-93:19
14        android:allowBackup="true"
14-->src/main/AndroidManifest.xml:12:9-35
15        android:appComponentFactory="androidx.core.app.CoreComponentFactory"
15-->[androidx.core:core:1.5.0] AndroidManifest.xml:24:18-86
16        android:debuggable="true"
17        android:extractNativeLibs="true"
18        android:icon="@mipmap/ic_launcher"
18-->src/main/AndroidManifest.xml:13:9-43
19        android:label="@string/app_name"
19-->src/main/AndroidManifest.xml:14:9-41
20        android:roundIcon="@mipmap/ic_launcher_round"
20-->src/main/AndroidManifest.xml:15:9-54
21        android:screenOrientation="portrait"
21-->src/main/AndroidManifest.xml:17:9-45
22        android:supportsRtl="true"
22-->src/main/AndroidManifest.xml:16:9-35
23        android:testOnly="true"
24        android:theme="@style/AppTheme" >
24-->src/main/AndroidManifest.xml:18:9-40
25        <activity
25-->src/main/AndroidManifest.xml:20:9-29:20
26            android:name="ca.yorku.eecs.mack.healthappdemo.HealthAppDemo"
26-->src/main/AndroidManifest.xml:21:13-74
27            android:exported="true"
27-->src/main/AndroidManifest.xml:23:13-36
28            android:label="@string/app_name" >
28-->src/main/AndroidManifest.xml:22:13-45
29            <intent-filter>
29-->src/main/AndroidManifest.xml:24:13-28:29
30                <action android:name="android.intent.action.MAIN" />
30-->src/main/AndroidManifest.xml:25:17-68
30-->src/main/AndroidManifest.xml:25:25-66
31                <action android:name="android.intent.action.VIEW" />
31-->src/main/AndroidManifest.xml:26:17-69
31-->src/main/AndroidManifest.xml:26:25-66
32
33                <category android:name="android.intent.category.LAUNCHER" />
33-->src/main/AndroidManifest.xml:27:17-76
33-->src/main/AndroidManifest.xml:27:27-74
34            </intent-filter>
35        </activity>
36        <activity
36-->src/main/AndroidManifest.xml:30:9-38:20
37            android:name="ca.yorku.eecs.mack.healthappdemo.DailyDiary_Radio"
37-->src/main/AndroidManifest.xml:31:13-45
38            android:exported="true" >
38-->src/main/AndroidManifest.xml:32:13-36
39            <intent-filter>
39-->src/main/AndroidManifest.xml:24:13-28:29
40                <action android:name="android.intent.action.MAIN" />
40-->src/main/AndroidManifest.xml:25:17-68
40-->src/main/AndroidManifest.xml:25:25-66
41                <action android:name="android.intent.action.VIEW" />
41-->src/main/AndroidManifest.xml:26:17-69
41-->src/main/AndroidManifest.xml:26:25-66
42
43                <category android:name="android.intent.category.LAUNCHER" />
43-->src/main/AndroidManifest.xml:27:17-76
43-->src/main/AndroidManifest.xml:27:27-74
44            </intent-filter>
45        </activity>
46        <activity
46-->src/main/AndroidManifest.xml:39:9-47:20
47            android:name="ca.yorku.eecs.mack.healthappdemo.DailyDiary_Slider"
47-->src/main/AndroidManifest.xml:40:13-46
48            android:exported="true" >
48-->src/main/AndroidManifest.xml:41:13-36
49            <intent-filter>
49-->src/main/AndroidManifest.xml:24:13-28:29
50                <action android:name="android.intent.action.MAIN" />
50-->src/main/AndroidManifest.xml:25:17-68
50-->src/main/AndroidManifest.xml:25:25-66
51                <action android:name="android.intent.action.VIEW" />
51-->src/main/AndroidManifest.xml:26:17-69
51-->src/main/AndroidManifest.xml:26:25-66
52
53                <category android:name="android.intent.category.LAUNCHER" />
53-->src/main/AndroidManifest.xml:27:17-76
53-->src/main/AndroidManifest.xml:27:27-74
54            </intent-filter>
55        </activity>
56        <activity
56-->src/main/AndroidManifest.xml:48:9-56:20
57            android:name="ca.yorku.eecs.mack.healthappdemo.Results"
57-->src/main/AndroidManifest.xml:49:13-36
58            android:exported="true" >
58-->src/main/AndroidManifest.xml:50:13-36
59            <intent-filter>
59-->src/main/AndroidManifest.xml:24:13-28:29
60                <action android:name="android.intent.action.MAIN" />
60-->src/main/AndroidManifest.xml:25:17-68
60-->src/main/AndroidManifest.xml:25:25-66
61                <action android:name="android.intent.action.VIEW" />
61-->src/main/AndroidManifest.xml:26:17-69
61-->src/main/AndroidManifest.xml:26:25-66
62
63                <category android:name="android.intent.category.LAUNCHER" />
63-->src/main/AndroidManifest.xml:27:17-76
63-->src/main/AndroidManifest.xml:27:27-74
64            </intent-filter>
65        </activity>
66        <activity
66-->src/main/AndroidManifest.xml:57:9-65:20
67            android:name="ca.yorku.eecs.mack.healthappdemo.WellnessGoalsActivity"
67-->src/main/AndroidManifest.xml:58:13-50
68            android:exported="true" >
68-->src/main/AndroidManifest.xml:59:13-36
69            <intent-filter>
69-->src/main/AndroidManifest.xml:24:13-28:29
70                <action android:name="android.intent.action.MAIN" />
70-->src/main/AndroidManifest.xml:25:17-68
70-->src/main/AndroidManifest.xml:25:25-66
71                <action android:name="android.intent.action.VIEW" />
71-->src/main/AndroidManifest.xml:26:17-69
71-->src/main/AndroidManifest.xml:26:25-66
72
73                <category android:name="android.intent.category.LAUNCHER" />
73-->src/main/AndroidManifest.xml:27:17-76
73-->src/main/AndroidManifest.xml:27:27-74
74            </intent-filter>
75        </activity>
76        <activity
76-->src/main/AndroidManifest.xml:66:9-74:20
77            android:name="ca.yorku.eecs.mack.healthappdemo.DailyDiary_Spinner"
77-->src/main/AndroidManifest.xml:67:13-47
78            android:exported="true" >
78-->src/main/AndroidManifest.xml:68:13-36
79            <intent-filter>
79-->src/main/AndroidManifest.xml:24:13-28:29
80                <action android:name="android.intent.action.MAIN" />
80-->src/main/AndroidManifest.xml:25:17-68
80-->src/main/AndroidManifest.xml:25:25-66
81                <action android:name="android.intent.action.VIEW" />
81-->src/main/AndroidManifest.xml:26:17-69
81-->src/main/AndroidManifest.xml:26:25-66
82
83                <category android:name="android.intent.category.LAUNCHER" />
83-->src/main/AndroidManifest.xml:27:17-76
83-->src/main/AndroidManifest.xml:27:27-74
84            </intent-filter>
85        </activity>
86        <activity
86-->src/main/AndroidManifest.xml:75:9-83:20
87            android:name="ca.yorku.eecs.mack.healthappdemo.CreateAccountActivity"
87-->src/main/AndroidManifest.xml:76:13-50
88            android:exported="true" >
88-->src/main/AndroidManifest.xml:77:13-36
89            <intent-filter>
89-->src/main/AndroidManifest.xml:24:13-28:29
90                <action android:name="android.intent.action.MAIN" />
90-->src/main/AndroidManifest.xml:25:17-68
90-->src/main/AndroidManifest.xml:25:25-66
91                <action android:name="android.intent.action.VIEW" />
91-->src/main/AndroidManifest.xml:26:17-69
91-->src/main/AndroidManifest.xml:26:25-66
92
93                <category android:name="android.intent.category.LAUNCHER" />
93-->src/main/AndroidManifest.xml:27:17-76
93-->src/main/AndroidManifest.xml:27:27-74
94            </intent-filter>
95        </activity>
96        <activity
96-->src/main/AndroidManifest.xml:84:9-92:20
97            android:name="ca.yorku.eecs.mack.healthappdemo.MyAccountActivity"
97-->src/main/AndroidManifest.xml:85:13-46
98            android:exported="true" >
98-->src/main/AndroidManifest.xml:86:13-36
99            <intent-filter>
99-->src/main/AndroidManifest.xml:24:13-28:29
100                <action android:name="android.intent.action.MAIN" />
100-->src/main/AndroidManifest.xml:25:17-68
100-->src/main/AndroidManifest.xml:25:25-66
101                <action android:name="android.intent.action.VIEW" />
101-->src/main/AndroidManifest.xml:26:17-69
101-->src/main/AndroidManifest.xml:26:25-66
102
103                <category android:name="android.intent.category.LAUNCHER" />
103-->src/main/AndroidManifest.xml:27:17-76
103-->src/main/AndroidManifest.xml:27:27-74
104            </intent-filter>
105        </activity>
106    </application>
107
108</manifest>